
                
          
          
          
         Chrome is moving towards a new experience that allows users to choose to browse without third-party cookies.
adUnits.min.js:1 setAdunits has been called, will set window.ozAdUnits now
adUnits.min.js:1 window.ozAdUnits has been created.
contents.61e8aa67.js:4467 [DOM DETECTOR] Enhancing DOM detector logging undefined
logHighlighted @ contents.61e8aa67.js:4467
enhanceDomLogging @ contents.61e8aa67.js:4505
aJ80J../form-features @ contents.61e8aa67.js:883
newRequire @ contents.61e8aa67.js:72
localRequire @ contents.61e8aa67.js:85
8IdAP../lib/dom-detector @ contents.61e8aa67.js:864
newRequire @ contents.61e8aa67.js:72
localRequire @ contents.61e8aa67.js:85
3PApU.../dom-detector @ contents.61e8aa67.js:365
newRequire @ contents.61e8aa67.js:72
(anonymous) @ contents.61e8aa67.js:123
(anonymous) @ contents.61e8aa67.js:146
(anonymous) @ contents.61e8aa67.js:5476
contents.61e8aa67.js:3289 [PHISHING-DETECTOR-DOM][2025-05-24T14:26:01.076Z] Enhancing DOM detector logging
contents.61e8aa67.js:4467 [DOM DETECTOR] DOM detector logging enhanced undefined
logHighlighted @ contents.61e8aa67.js:4467
enhanceDomLogging @ contents.61e8aa67.js:4555
aJ80J../form-features @ contents.61e8aa67.js:883
newRequire @ contents.61e8aa67.js:72
localRequire @ contents.61e8aa67.js:85
8IdAP../lib/dom-detector @ contents.61e8aa67.js:864
newRequire @ contents.61e8aa67.js:72
localRequire @ contents.61e8aa67.js:85
3PApU.../dom-detector @ contents.61e8aa67.js:365
newRequire @ contents.61e8aa67.js:72
(anonymous) @ contents.61e8aa67.js:123
(anonymous) @ contents.61e8aa67.js:146
(anonymous) @ contents.61e8aa67.js:5476
contents.61e8aa67.js:4516 [PHISHING-DETECTOR-DOM][2025-05-24T14:26:01.077Z] DOM detector logging enhanced
contents.61e8aa67.js:4532 [PHISHING-DETECTOR] Content script starting to load
contents.61e8aa67.js:4532 [PHISHING-DETECTOR] Content script imports loaded
contents.61e8aa67.js:4532 [PHISHING-DETECTOR] Content script config set
contents.61e8aa67.js:4532 [PHISHING-DETECTOR] About to call logger.log
contents.61e8aa67.js:4532 [PHISHING-DETECTOR-CONTENT][2025-05-24T14:26:01.093Z] PHISHING DETECTOR CONTENT SCRIPT LOADED {url: 'https://www.bbc.com/', time: '2025-05-24T14:26:01.093Z', version: '1.1.0'}
contents.61e8aa67.js:4532 [PHISHING-DETECTOR] logger.log called
www.bbc.com/:1 Attestation check for Topics on https://www.bbc.com/ failed.
contents.61e8aa67.js:4532 🔵 INFO   | [plasmo/parcel-runtime]: Connected to HMR server for /Users/tomer.shukhman/dev/phishing-detector/phishing-detector-extension/contents/index.ts
contents.61e8aa67.js:4532 🔵 INFO   | [plasmo/parcel-runtime]: Connected to HMR server for /Users/tomer.shukhman/dev/phishing-detector/phishing-detector-extension/contents/page-readiness.ts
wrapperMessagingWithoutDetection.js:1 Messaging without detection successfully executed.
wrapperMessagingWithoutDetection.js:1 interaction complete
[Violation] Avoid using document.write(). <URL>
[Violation] Avoid using document.write(). <URL>
[Violation] Avoid using document.write(). <URL>
[Violation] Avoid using document.write(). <URL>
[Violation] Avoid using document.write(). <URL>
[Violation] Avoid using document.write(). <URL>
[Violation] Avoid using document.write(). <URL>
pubads_impl.js:19 This ad's html cannot be accessed using the getHtml method on googletag.Slot. Returning the empty string instead.
(anonymous) @ pubads_impl.js:19
O @ pubads_impl.js:19
_getHtmlSafe @ pub.js:2
(anonymous) @ pub.js:2
c @ pubads_impl.js:19
(anonymous) @ pubads_impl.js:19
AC @ pubads_impl.js:19
CC.next @ pubads_impl.js:19
b @ pubads_impl.js:19
Promise.then
f @ pubads_impl.js:19
(anonymous) @ pubads_impl.js:19
DC @ pubads_impl.js:19
_.Rg @ pubads_impl.js:19
(anonymous) @ pubads_impl.js:19
(anonymous) @ pubads_impl.js:19
AC @ pubads_impl.js:19
CC.next @ pubads_impl.js:19
(anonymous) @ pubads_impl.js:19
DC @ pubads_impl.js:19
_.Rg @ pubads_impl.js:19
aZ.dispatchEvent @ pubads_impl.js:19
(anonymous) @ pubads_impl.js:19
(anonymous) @ pubads_impl.js:19
AC @ pubads_impl.js:19
CC.next @ pubads_impl.js:19
b @ pubads_impl.js:19
Promise.then
f @ pubads_impl.js:19
(anonymous) @ pubads_impl.js:19
DC @ pubads_impl.js:19
_.Rg @ pubads_impl.js:19
(anonymous) @ pubads_impl.js:19
(anonymous) @ pubads_impl.js:19
AC @ pubads_impl.js:19
CC.next @ pubads_impl.js:19
(anonymous) @ pubads_impl.js:19
DC @ pubads_impl.js:19
_.Rg @ pubads_impl.js:19
aZ.dispatchEvent @ pubads_impl.js:19
i0.render @ pubads_impl.js:19
M.id @ pubads_impl.js:19
FX.g @ pubads_impl.js:19
(anonymous) @ pubads_impl.js:19
AC @ pubads_impl.js:19
CC.next @ pubads_impl.js:19
b @ pubads_impl.js:19
Promise.then
f @ pubads_impl.js:19
(anonymous) @ pubads_impl.js:19
DC @ pubads_impl.js:19
_.Rg @ pubads_impl.js:19
zX.start @ pubads_impl.js:19
(anonymous) @ pubads_impl.js:19
AC @ pubads_impl.js:19
CC.next @ pubads_impl.js:19
b @ pubads_impl.js:19
Promise.then
f @ pubads_impl.js:19
(anonymous) @ pubads_impl.js:19
DC @ pubads_impl.js:19
_.Rg @ pubads_impl.js:19
Zx @ pubads_impl.js:19
pw.run @ pubads_impl.js:19
uha @ pubads_impl.js:19
(anonymous) @ pubads_impl.js:19
AC @ pubads_impl.js:19
CC.next @ pubads_impl.js:19
b @ pubads_impl.js:19
Promise.then
f @ pubads_impl.js:19
(anonymous) @ pubads_impl.js:19
DC @ pubads_impl.js:19
_.Rg @ pubads_impl.js:19
Pha @ pubads_impl.js:19
(anonymous) @ pubads_impl.js:19
AC @ pubads_impl.js:19
CC.next @ pubads_impl.js:19
(anonymous) @ pubads_impl.js:19
DC @ pubads_impl.js:19
_.Rg @ pubads_impl.js:19
d1 @ pubads_impl.js:19
F @ pubads_impl.js:19
X0 @ pubads_impl.js:19
(anonymous) @ pubads_impl.js:19
Promise.then
Z0 @ pubads_impl.js:19
(anonymous) @ pubads_impl.js:19
Promise.then
Z0 @ pubads_impl.js:19
(anonymous) @ pubads_impl.js:19
Promise.then
Z0 @ pubads_impl.js:19
(anonymous) @ pubads_impl.js:19
Promise.then
Z0 @ pubads_impl.js:19
(anonymous) @ pubads_impl.js:19
Promise.then
Z0 @ pubads_impl.js:19
(anonymous) @ pubads_impl.js:19
Promise.then
(anonymous) @ pubads_impl.js:19
(anonymous) @ pubads_impl.js:19
AC @ pubads_impl.js:19
CC.next @ pubads_impl.js:19
b @ pubads_impl.js:19
Promise.then
f @ pubads_impl.js:19
(anonymous) @ pubads_impl.js:19
DC @ pubads_impl.js:19
_.Rg @ pubads_impl.js:19
zX.start @ pubads_impl.js:19
(anonymous) @ pubads_impl.js:19
AC @ pubads_impl.js:19
CC.next @ pubads_impl.js:19
b @ pubads_impl.js:19
Promise.then
f @ pubads_impl.js:19
(anonymous) @ pubads_impl.js:19
DC @ pubads_impl.js:19
_.Rg @ pubads_impl.js:19
Zx @ pubads_impl.js:19
pw.run @ pubads_impl.js:19
c1.g @ pubads_impl.js:19
(anonymous) @ pubads_impl.js:19
AC @ pubads_impl.js:19
CC.next @ pubads_impl.js:19
b @ pubads_impl.js:19
Promise.then
f @ pubads_impl.js:19
(anonymous) @ pubads_impl.js:19
DC @ pubads_impl.js:19
_.Rg @ pubads_impl.js:19
zX.start @ pubads_impl.js:19
(anonymous) @ pubads_impl.js:19
AC @ pubads_impl.js:19
CC.next @ pubads_impl.js:19
b @ pubads_impl.js:19
Promise.then
f @ pubads_impl.js:19
(anonymous) @ pubads_impl.js:19
DC @ pubads_impl.js:19
_.Rg @ pubads_impl.js:19
Zx @ pubads_impl.js:19
pw.run @ pubads_impl.js:19
(anonymous) @ pubads_impl.js:19
(anonymous) @ pubads_impl.js:19
AC @ pubads_impl.js:19
CC.next @ pubads_impl.js:19
b @ pubads_impl.js:19
Promise.then
f @ pubads_impl.js:19
(anonymous) @ pubads_impl.js:19
DC @ pubads_impl.js:19
_.Rg @ pubads_impl.js:19
zX.start @ pubads_impl.js:19
(anonymous) @ pubads_impl.js:19
AC @ pubads_impl.js:19
CC.next @ pubads_impl.js:19
b @ pubads_impl.js:19
Promise.then
f @ pubads_impl.js:19
(anonymous) @ pubads_impl.js:19
DC @ pubads_impl.js:19
_.Rg @ pubads_impl.js:19
Zx @ pubads_impl.js:19
pw.run @ pubads_impl.js:19
j1 @ pubads_impl.js:19
Wha @ pubads_impl.js:19
n1 @ pubads_impl.js:19
Xha @ pubads_impl.js:19
k1.refresh @ pubads_impl.js:19
(anonymous) @ pubads_impl.js:19
O @ pubads_impl.js:19
(anonymous) @ ozpb.min.js:1
V.cmd.push @ ozwrap_pbjs.js:12
(anonymous) @ ozpb.min.js:1
xu.push @ pubads_impl.js:19
O @ pubads_impl.js:19
sendAdserverRequest @ ozpb.min.js:1
processAdunitsWhichExist @ ozpb.min.js:1
(anonymous) @ ozpb.min.js:1
push @ ozpb.min.js:1
(anonymous) @ ozpb.min.js:1
push @ ozpb.min.js:1
ozoneFetchBids @ ozpb.min.js:1
getBidsAndRefreshCorrectly @ ozpb.min.js:1
(anonymous) @ ozpb.min.js:1
push @ ozpb.min.js:1
(anonymous) @ ozpb.min.js:1
push @ ozpb.min.js:1
(anonymous) @ ozpb.min.js:1
setTimeout
n.enableServices.configVars.requestBidsOnEnableServices.n.enableServices @ ozpb.min.js:1
e @ dotcom-ads.js:1
xu.push @ pubads_impl.js:19
O @ pubads_impl.js:19
jn @ dotcom-ads.js:1
window.dotcom.initAds @ dotcom-ads.js:1
await in window.dotcom.initAds
(anonymous) @ dotcom-ads.js:1
(anonymous) @ dotcom-ads.js:1
(anonymous) @ dotcom-ads.js:1
contents.61e8aa67.js:4532 [PHISHING-DETECTOR] Page load event fired
contents.61e8aa67.js:4532 [PHISHING-DETECTOR-CONTENT][2025-05-24T14:26:01.865Z] Page load event fired
contents.61e8aa67.js:4532 [PHISHING-DETECTOR-CONTENT][2025-05-24T14:26:01.881Z] Received request for DOM features
contents.61e8aa67.js:4532 [PHISHING-DETECTOR-CONTENT][2025-05-24T14:26:01.881Z] Starting DOM feature extraction
contents.61e8aa67.js:4516 [PHISHING-DETECTOR-DOM][2025-05-24T14:26:01.881Z] DOM detector analyzing https://www.bbc.com/ (document ready: complete, title: yes)
contents.61e8aa67.js:4467 [DOM DETECTOR] Starting DOM analysis for https://www.bbc.com/ undefined
logHighlighted @ contents.61e8aa67.js:4467
analyzeDom @ contents.61e8aa67.js:895
(anonymous) @ contents.61e8aa67.js:637
(anonymous) @ contents.61e8aa67.js:634
contents.61e8aa67.js:4516 [PHISHING-DETECTOR-DOM][2025-05-24T14:26:01.881Z] Starting DOM analysis for https://www.bbc.com/
contents.61e8aa67.js:4516 [PHISHING-DETECTOR-DOM][2025-05-24T14:26:01.882Z] Extracting DOM features...
contents.61e8aa67.js:4516 [PHISHING-DETECTOR-DOM][2025-05-24T14:26:01.882Z] Extracting form features...
contents.61e8aa67.js:4516 [PHISHING-DETECTOR-DOM][2025-05-24T14:26:01.893Z] Extracting link features...
contents.61e8aa67.js:4516 [PHISHING-DETECTOR-DOM][2025-05-24T14:26:01.894Z] Extracting content features...
contents.61e8aa67.js:4516 [PHISHING-DETECTOR-DOM][2025-05-24T14:26:01.896Z] iframe analysis: {staticIframeCount: 4, dynamicIframeDetected: false, finalImpact: 0.5, weightAssigned: 0.6, notes: 'External iframes detected'}
contents.61e8aa67.js:4516 [PHISHING-DETECTOR-DOM][2025-05-24T14:26:01.896Z] Favicon detection details: {count: 5, details: Array(5), qualityScore: 9.5, hasQualityFavicon: false}
contents.61e8aa67.js:4516 [PHISHING-DETECTOR-DOM][2025-05-24T14:26:01.896Z] Favicon analysis: {exists: true, qualityScore: 9.5, hasQualityFavicon: false, calculatedImpact: -0.3, faviconCount: 5, …}
contents.61e8aa67.js:4516 [PHISHING-DETECTOR-DOM][2025-05-24T14:26:01.896Z] Domain match found: "bbc" in title: "bbc home - breaking news, world news, us news, sports, business, innovation, climate, culture, travel, video & audio" (simplified comparison)
contents.61e8aa67.js:4516 [PHISHING-DETECTOR-DOM][2025-05-24T14:26:01.896Z] Title match result: MATCHED for "BBC Home - Breaking News, World News, US News, Sports, Business, Innovation, Climate, Culture, Travel, Video & Audio" with domain www.bbc.com
contents.61e8aa67.js:4516 [PHISHING-DETECTOR-DOM][2025-05-24T14:26:01.896Z] Title match details: {title: 'BBC Home - Breaking News, World News, US News, Spo…novation, Climate, Culture, Travel, Video & Audio', hostname: 'www.bbc.com', domainVariants: Array(2), matched: true}
contents.61e8aa67.js:4516 [PHISHING-DETECTOR-DOM][2025-05-24T14:26:02.062Z] --- Suspicious Text Detection Results ---
contents.61e8aa67.js:4516 [PHISHING-DETECTOR-DOM][2025-05-24T14:26:02.062Z] Total fraudTextScore: 54.50
contents.61e8aa67.js:4516 [PHISHING-DETECTOR-DOM][2025-05-24T14:26:02.063Z] Total suspicious word count: 9
contents.61e8aa67.js:4516 [PHISHING-DETECTOR-DOM][2025-05-24T14:26:02.063Z] Unique suspicious word count: 1
contents.61e8aa67.js:4516 [PHISHING-DETECTOR-DOM][2025-05-24T14:26:02.063Z] Top suspicious words: [{…}]
contents.61e8aa67.js:4516 [PHISHING-DETECTOR-DOM][2025-05-24T14:26:02.063Z] All detected words: {sign in: 9}
contents.61e8aa67.js:4516 [PHISHING-DETECTOR-DOM][2025-05-24T14:26:02.063Z] Text visibility statistics: {totalTextElementsFound: 2004, visibleElementsProcessed: 60, hiddenElementsSkipped: 1944, visibilityRatio: '0.03'}
contents.61e8aa67.js:4516 [PHISHING-DETECTOR-DOM][2025-05-24T14:26:02.064Z] Large image analysis: {viewportArea: 689850, totalCoveragePercent: '25.28%', largeImagesCount: 0, isDominated: false, largestImages: Array(3)}
contents.61e8aa67.js:4516 [PHISHING-DETECTOR-DOM][2025-05-24T14:26:02.064Z] Single image dominance analysis: {hasSingleLargeImage: false, singleImageCoverage: 'N/A', image: 'N/A'}
contents.61e8aa67.js:4532 Navigation structure analysis: {noNavigationLinks: false, noMenus: false, hasNoNavStructure: false}
contents.61e8aa67.js:4532 Suspicious clickable elements analysis: {clickableDivsCount: 0, suspiciousFakeClickables: false, examples: Array(0)}
contents.61e8aa67.js:4516 [PHISHING-DETECTOR-DOM][2025-05-24T14:26:02.067Z] Extracting security features...
contents.61e8aa67.js:4516 [PHISHING-DETECTOR-DOM][2025-05-24T14:26:02.068Z] Extracting invisible element features...
contents.61e8aa67.js:4516 [PHISHING-DETECTOR-DOM][2025-05-24T14:26:02.211Z] Extracting cookie consent features...
contents.61e8aa67.js:4516 [PHISHING-DETECTOR-DOM][2025-05-24T14:26:02.212Z] Found 50 potential consent buttons to check
contents.61e8aa67.js:4516 [PHISHING-DETECTOR-DOM][2025-05-24T14:26:02.212Z] Button found but not matching consent patterns: register
contents.61e8aa67.js:4516 [PHISHING-DETECTOR-DOM][2025-05-24T14:26:02.212Z] Button found but not matching consent patterns: sign in
contents.61e8aa67.js:4516 [PHISHING-DETECTOR-DOM][2025-05-24T14:26:02.212Z] Cookie consent detection details: {hasConsentPopup: false}
contents.61e8aa67.js:4516 [PHISHING-DETECTOR-DOM][2025-05-24T14:26:02.212Z] Calculating suspiciousness score...
contents.61e8aa67.js:4516 [PHISHING-DETECTOR-DOM][2025-05-24T14:26:02.213Z] DOM analysis completed in 332ms with score: 0.3599, found 35 features
contents.61e8aa67.js:4516 [PHISHING-DETECTOR-DOM][2025-05-24T14:26:02.213Z] DOM analysis result: {summary: '{"url":"https://www.bbc.com/","features":[{"name":…ue":false,"weight":0.9,"impact":-0.1},{"name":...'}
contents.61e8aa67.js:4532 [PHISHING-DETECTOR-CONTENT][2025-05-24T14:26:02.213Z] DOM feature extraction completed successfully {featureCount: 35, suspiciousScore: 0.35990213756812645}
contents.61e8aa67.js:4516 [PHISHING-DETECTOR-DOM][2025-05-24T14:26:02.213Z] Root favicon.ico check:
contents.61e8aa67.js:4532 [PHISHING-DETECTOR-CONTENT][2025-05-24T14:26:02.213Z] Sending DOM features {featureCount: 35, score: 0.35990213756812645, url: 'https://www.bbc.com/'}
contents.61e8aa67.js:4516 [PHISHING-DETECTOR-DOM][2025-05-24T14:26:02.564Z] Found 50 potential consent buttons to check
contents.61e8aa67.js:4516 [PHISHING-DETECTOR-DOM][2025-05-24T14:26:02.565Z] Button found but not matching consent patterns: register
contents.61e8aa67.js:4516 [PHISHING-DETECTOR-DOM][2025-05-24T14:26:02.565Z] Button found but not matching consent patterns: sign in
contents.61e8aa67.js:4516 [PHISHING-DETECTOR-DOM][2025-05-24T14:26:02.565Z] Delayed consent popup detection (1500ms): not found
contents.61e8aa67.js:4532 [PHISHING-DETECTOR] Running performance tracking on load
contents.61e8aa67.js:4532 [PHISHING-DETECTOR-CONTENT][2025-05-24T14:26:02.865Z] Error in page readiness or analysis {error: 'logger is not defined'}
contents.61e8aa67.js:4516 [PHISHING-DETECTOR-DOM][2025-05-24T14:26:04.065Z] Found 50 potential consent buttons to check
contents.61e8aa67.js:4516 [PHISHING-DETECTOR-DOM][2025-05-24T14:26:04.065Z] Button found but not matching consent patterns: register
contents.61e8aa67.js:4516 [PHISHING-DETECTOR-DOM][2025-05-24T14:26:04.065Z] Button found but not matching consent patterns: sign in
contents.61e8aa67.js:4516 [PHISHING-DETECTOR-DOM][2025-05-24T14:26:04.065Z] Delayed consent popup detection (3000ms): not found
contents.61e8aa67.js:4532 [PHISHING-DETECTOR-CONTENT][2025-05-24T14:26:05.866Z] Retry also failed {error: 'logger is not defined'}
contents.61e8aa67.js:4516 [PHISHING-DETECTOR-DOM][2025-05-24T14:26:06.065Z] Found 50 potential consent buttons to check
contents.61e8aa67.js:4516 [PHISHING-DETECTOR-DOM][2025-05-24T14:26:06.066Z] Button found but not matching consent patterns: register
contents.61e8aa67.js:4516 [PHISHING-DETECTOR-DOM][2025-05-24T14:26:06.066Z] Button found but not matching consent patterns: sign in
contents.61e8aa67.js:4516 [PHISHING-DETECTOR-DOM][2025-05-24T14:26:06.066Z] Delayed consent popup detection (5000ms): not found
